<?xml version="1.0" encoding="UTF-8"?>
<!-- Generated by org.testng.reporters.JUnitReportReporter -->
<testsuite hostname="Bibhu" failures="0" tests="1" name="com.restAssured.generateRequestPayload.addLibrary_payload" time="0.009" errors="0" timestamp="2024-08-02T02:49:13 IST" skipped="0">
  <testcase classname="com.restAssured.generateRequestPayload.addLibrary_payload" name="generateAddLibraryRequestPayload" time="0.009"/>
  <system-out/>
</testsuite> <!-- com.restAssured.generateRequestPayload.addLibrary_payload -->
