<?xml version="1.0" encoding="UTF-8"?>
<!-- Generated by org.testng.reporters.JUnitReportReporter -->
<testsuite hostname="Bibhu" failures="0" tests="2" name="com.restAssured.apiAuto.SpecBuilder" time="0.426" errors="0" timestamp="2024-08-12T04:55:38 IST" skipped="0">
  <testcase classname="com.restAssured.apiAuto.SpecBuilder" name="addbookInLibrary" time="0.254"/>
  <testcase classname="com.restAssured.apiAuto.SpecBuilder" name="deleteBookFromLibrary" time="0.172"/>
</testsuite> <!-- com.restAssured.apiAuto.SpecBuilder -->
