<?xml version="1.0" encoding="UTF-8"?>
<!-- Generated by org.testng.reporters.JUnitReportReporter -->
<testsuite hostname="Bibhu" failures="0" tests="1" name="com.restAssured.apiAuto.AddNewPlace" time="2.502" errors="0" timestamp="2024-08-01T03:02:36 IST" skipped="0">
  <testcase classname="com.restAssured.apiAuto.AddNewPlace" name="addPlace" time="2.502"/>
  <system-out/>
</testsuite> <!-- com.restAssured.apiAuto.AddNewPlace -->
