<?xml version="1.0" encoding="UTF-8"?>
<!-- Generated by org.testng.reporters.JUnitReportReporter -->
<testsuite hostname="Bibhu" failures="0" tests="4" name="com.restAssured.apiAuto.Library" time="0.940" errors="0" timestamp="2024-08-12T04:55:38 IST" skipped="0">
  <testcase classname="com.restAssured.apiAuto.Library" name="addBookIntoLibrary" time="0.285"/>
  <testcase classname="com.restAssured.apiAuto.Library" name="getTheBookDetailsById" time="0.259"/>
  <testcase classname="com.restAssured.apiAuto.Library" name="getTheBookDetailsByAuthorName" time="0.217"/>
  <testcase classname="com.restAssured.apiAuto.Library" name="deleteBookFromLibrary" time="0.179"/>
</testsuite> <!-- com.restAssured.apiAuto.Library -->
